resting heart rate: 55
loading...10%.
loading...20%.
loading...30%.
loading...40%.
loading...50%.
loading...60%.
loading...70%.
loading...80%.
loading...90%.
loading...100%.
Timestamp: 1618425783165; connected
Timestamp: 1618425784900; Action: started; soundscape: Grey Noise; soundscape index: 7; heart_rate: 67.00
Timestamp: 1618425791951; Action: next_pressed; soundscape: Tierra Del Fuego; soundscape index: 0; heart_rate: 68.43; reward: -30; value_function: [0.00,0.00,0.00,0.00,0.00,0.00,0.00,-21.00,0.00,0.00]; mode: training
Timestamp: 1618425795716; Action: next_pressed; soundscape: 88 Keys; soundscape index: 6; heart_rate: 68.60; reward: -30; value_function: [-21.00,0.00,0.00,0.00,0.00,0.00,0.00,-21.00,0.00,0.00]; mode: therapeutic
1 1 6
Timestamp: 1618425801780; Action: next_pressed; soundscape: Aircraft Cabin Noise; soundscape index: 1; heart_rate: 68.03; reward: -30; value_function: [-21.00,0.00,0.00,0.00,0.00,0.00,-21.00,-21.00,0.00,0.00]; mode: therapeutic
1 2 1
Timestamp: 1618425807276; Action: next_pressed; soundscape: Summer Night; soundscape index: 2; heart_rate: 66.97; reward: -30; value_function: [-21.00,-21.00,0.00,0.00,0.00,0.00,-21.00,-21.00,0.00,0.00]; mode: therapeutic
1 3 2
Timestamp: 1618425812135; Action: next_pressed; soundscape: Primeval Forest; soundscape index: 3; heart_rate: 66.17; reward: -30; value_function: [-21.00,-21.00,-21.00,0.00,0.00,0.00,-21.00,-21.00,0.00,0.00]; mode: therapeutic
1 4 3
Timestamp: 1618425820673; Action: next_pressed; soundscape: Rainforest; soundscape index: 4; heart_rate: 65.14; reward: -30; value_function: [-21.00,-21.00,-21.00,-21.00,0.00,0.00,-21.00,-21.00,0.00,0.00]; mode: therapeutic
1 5 4
Timestamp: 1618425831483; Action: next_pressed; soundscape: Furry Friend; soundscape index: 5; heart_rate: 64.08; reward: -30; value_function: [-21.00,-21.00,-21.00,-21.00,-21.00,0.00,-21.00,-21.00,0.00,0.00]; mode: therapeutic
1 8 5
1 9 8
Timestamp: 1618425836011; Action: next_pressed; soundscape: White Noise & Co.; soundscape index: 8; heart_rate: 63.80; reward: -30; value_function: [-21.00,-21.00,-21.00,-21.00,-21.00,-21.00,-21.00,-21.00,-21.00,0.00]; mode: therapeutic
Timestamp: 1618425836014; Action: next_pressed; soundscape: White Noise & Co.; soundscape index: 9; heart_rate: 63.80; reward: -30; value_function: [-21.00,-21.00,-21.00,-21.00,-21.00,-21.00,-21.00,-21.00,-21.00,0.00]; mode: therapeutic
1 0 9
Timestamp: 1618425839876; Action: next_pressed; soundscape: Tierra Del Fuego; soundscape index: 0; heart_rate: 63.47; reward: -30; value_function: [-21.00,-21.00,-21.00,-21.00,-21.00,-21.00,-21.00,-21.00,-21.00,-21.00]; mode: therapeutic
1 1 0
Timestamp: 1618425851421; Action: next_pressed; soundscape: Aircraft Cabin Noise; soundscape index: 1; heart_rate: 61.31; reward: -30; value_function: [-27.30,-21.00,-21.00,-21.00,-21.00,-21.00,-21.00,-21.00,-21.00,-21.00]; mode: therapeutic
1 2 1
Timestamp: 1618425860574; Action: next_pressed; soundscape: Summer Night; soundscape index: 2; heart_rate: 59.44; reward: -30; value_function: [-27.30,-27.30,-21.00,-21.00,-21.00,-21.00,-21.00,-21.00,-21.00,-21.00]; mode: therapeutic
1 3 2
Timestamp: 1618425866637; Action: next_pressed; soundscape: Primeval Forest; soundscape index: 3; heart_rate: 58.69; reward: -30; value_function: [-27.30,-27.30,-27.30,-21.00,-21.00,-21.00,-21.00,-21.00,-21.00,-21.00]; mode: therapeutic
1 4 3
Timestamp: 1618425879220; Action: next_pressed; soundscape: Rainforest; soundscape index: 4; heart_rate: 58.64; reward: -30; value_function: [-27.30,-27.30,-27.30,-27.30,-21.00,-21.00,-21.00,-21.00,-21.00,-21.00]; mode: therapeutic
0 4 4
Timestamp: 1618425939192; Action: switched; soundscape: Rainforest; soundscape index: 4; heart_rate: 58.97; reward: 1.0300000000000011; value_function: [-27.30,-27.30,-27.30,-27.30,-5.58,-21.00,-21.00,-21.00,-21.00,-21.00]; mode: therapeutic
0 4 4
Timestamp: 1618425999200; Action: switched; soundscape: Rainforest; soundscape index: 4; heart_rate: 58.97; reward: 1.0300000000000011; value_function: [-27.30,-27.30,-27.30,-27.30,-0.95,-21.00,-21.00,-21.00,-21.00,-21.00]; mode: therapeutic
0 4 4
Timestamp: 1618426059197; Action: switched; soundscape: Rainforest; soundscape index: 4; heart_rate: 58.73; reward: 1.2700000000000031; value_function: [-27.30,-27.30,-27.30,-27.30,0.60,-21.00,-21.00,-21.00,-21.00,-21.00]; mode: therapeutic
1 0 4
Timestamp: 1618426061695; Action: next_pressed; soundscape: Tierra Del Fuego; soundscape index: 0; heart_rate: 58.73; reward: -30; value_function: [-27.30,-27.30,-27.30,-27.30,-20.82,-21.00,-21.00,-21.00,-21.00,-21.00]; mode: therapeutic
0 0 0
Timestamp: 1618426121703; Action: switched; soundscape: Tierra Del Fuego; soundscape index: 0; heart_rate: 58.81; reward: 1.1899999999999977; value_function: [-7.36,-27.30,-27.30,-27.30,-20.82,-21.00,-21.00,-21.00,-21.00,-21.00]; mode: therapeutic
0 0 0
Timestamp: 1618426181698; Action: switched; soundscape: Tierra Del Fuego; soundscape index: 0; heart_rate: 58.81; reward: 1.1899999999999977; value_function: [-1.37,-27.30,-27.30,-27.30,-20.82,-21.00,-21.00,-21.00,-21.00,-21.00]; mode: therapeutic
0 0 0
Timestamp: 1618426241700; Action: switched; soundscape: Tierra Del Fuego; soundscape index: 0; heart_rate: 58.81; reward: 1.1899999999999977; value_function: [0.42,-27.30,-27.30,-27.30,-20.82,-21.00,-21.00,-21.00,-21.00,-21.00]; mode: therapeutic
0 0 0
Timestamp: 1618426301692; Action: switched; soundscape: Tierra Del Fuego; soundscape index: 0; heart_rate: 58.81; reward: 1.1899999999999977; value_function: [0.96,-27.30,-27.30,-27.30,-20.82,-21.00,-21.00,-21.00,-21.00,-21.00]; mode: therapeutic
0 0 0
Timestamp: 1618426361699; Action: switched; soundscape: Tierra Del Fuego; soundscape index: 0; heart_rate: 57.33; reward: 2.6700000000000017; value_function: [2.16,-27.30,-27.30,-27.30,-20.82,-21.00,-21.00,-21.00,-21.00,-21.00]; mode: therapeutic
0 1 0
Timestamp: 1618426421727; Action: switched; soundscape: Aircraft Cabin Noise; soundscape index: 1; heart_rate: 62.06; reward: -2.0600000000000023; value_function: [-0.80,-27.30,-27.30,-27.30,-20.82,-21.00,-21.00,-21.00,-21.00,-21.00]; mode: therapeutic
0 0 1
Timestamp: 1618426481715; Action: switched; soundscape: Tierra Del Fuego; soundscape index: 0; heart_rate: 71.50; reward: -9.439999999999998; value_function: [-0.80,-14.80,-27.30,-27.30,-20.82,-21.00,-21.00,-21.00,-21.00,-21.00]; mode: therapeutic
0 1 0
Timestamp: 1618426541711; Action: switched; soundscape: Aircraft Cabin Noise; soundscape index: 1; heart_rate: 88.53; reward: -17.03; value_function: [-12.16,-14.80,-27.30,-27.30,-20.82,-21.00,-21.00,-21.00,-21.00,-21.00]; mode: therapeutic
