resting heart rate: 55
loading...10%.
loading...20%.
loading...30%.
loading...40%.
loading...50%.
loading...60%.
loading...70%.
loading...80%.
loading...90%.
loading...100%.
Timestamp: 1618432006071; connected
Timestamp: 1618432008908; Action: started; soundscape: White Noise & Co.; soundscape index: 9; heart_rate: 60.00
Timestamp: 1618432014410; Action: change alpha to: 1
Timestamp: 1618432019194; Action: next_pressed; soundscape: Tierra Del Fuego; soundscape index: 0; heart_rate: 63.20; reward: -30; value_function: [0.00,0.00,0.00,0.00,0.00,0.00,0.00,0.00,0.00,-30.00]; mode: training
Timestamp: 1618432027711; Action: change epsilon to: 0
Timestamp: 1618432028861; Action: next_pressed; soundscape: White Rain; soundscape index: 8; heart_rate: 62.67; reward: -30; value_function: [-30.00,0.00,0.00,0.00,0.00,0.00,0.00,0.00,0.00,-30.00]; mode: training
Timestamp: 1618432035090; Action: next_pressed; soundscape: Aircraft Cabin Noise; soundscape index: 1; heart_rate: 62.10; reward: -30; value_function: [-30.00,0.00,0.00,0.00,0.00,0.00,0.00,0.00,-30.00,-30.00]; mode: training
Timestamp: 1618432041545; Action: change epsilon to: 1
Timestamp: 1618432042609; Action: next_pressed; soundscape: Rainforest; soundscape index: 4; heart_rate: 61.74; reward: -30; value_function: [-30.00,-30.00,0.00,0.00,0.00,0.00,0.00,0.00,-30.00,-30.00]; mode: training
Timestamp: 1618432046939; Action: next_pressed; soundscape: Summer Night; soundscape index: 2; heart_rate: 61.53; reward: -30; value_function: [-30.00,-30.00,0.00,0.00,-30.00,0.00,0.00,0.00,-30.00,-30.00]; mode: training
Timestamp: 1618432053330; Action: next_pressed; soundscape: Primeval Forest; soundscape index: 3; heart_rate: 61.43; reward: -30; value_function: [-30.00,-30.00,-30.00,0.00,-30.00,0.00,0.00,0.00,-30.00,-30.00]; mode: training
Timestamp: 1618432059137; Action: change epsilon to: 0.5
